<?xml version="1.0" encoding="UTF-8" ?>
<testsuite tests="1" failures="0" name="com.mycom.myapp.DataSourceTest" time="1.651" errors="0" skipped="0">
  <properties>
    <property name="java.runtime.name" value="OpenJDK Runtime Environment"/>
    <property name="java.vm.version" value="16.0.2+7-67"/>
    <property name="sun.boot.library.path" value="D:\과제\2021-2학기\실전프로젝트1\sts-4.11.1.RELEASE\plugins\org.eclipse.justj.openjdk.hotspot.jre.full.win32.x86_64_16.0.2.v20210721-1149\jre\bin"/>
    <property name="maven.multiModuleProjectDirectory" value="D:\workspace-spring-tool-suite-4-4.11.1.RELEASE\CarSharingManager"/>
    <property name="java.vm.vendor" value="Oracle Corporation"/>
    <property name="java.vendor.url" value="https://java.oracle.com/"/>
    <property name="guice.disable.misplaced.annotation.check" value="true"/>
    <property name="path.separator" value=";"/>
    <property name="java.vm.name" value="OpenJDK 64-Bit Server VM"/>
    <property name="sun.os.patch.level" value=""/>
    <property name="user.script" value=""/>
    <property name="user.country" value="KR"/>
    <property name="sun.java.launcher" value="SUN_STANDARD"/>
    <property name="java.vm.specification.name" value="Java Virtual Machine Specification"/>
    <property name="user.dir" value="D:\workspace-spring-tool-suite-4-4.11.1.RELEASE\CarSharingManager"/>
    <property name="java.vm.compressedOopsMode" value="Zero based"/>
    <property name="java.runtime.version" value="16.0.2+7-67"/>
    <property name="os.arch" value="amd64"/>
    <property name="java.io.tmpdir" value="C:\Users\Dongjun\AppData\Local\Temp\"/>
    <property name="line.separator" value="
"/>
    <property name="java.vm.specification.vendor" value="Oracle Corporation"/>
    <property name="user.variant" value=""/>
    <property name="os.name" value="Windows 10"/>
    <property name="classworlds.conf" value="D:\workspace-spring-tool-suite-4-4.11.1.RELEASE\.metadata\.plugins\org.eclipse.m2e.launching\launches\m2conf11779272465060371587.tmp"/>
    <property name="jansi.force" value="true"/>
    <property name="sun.jnu.encoding" value="MS949"/>
    <property name="java.library.path" value="D:\과제\2021-2학기\실전프로젝트1\sts-4.11.1.RELEASE\plugins\org.eclipse.justj.openjdk.hotspot.jre.full.win32.x86_64_16.0.2.v20210721-1149\jre\bin;C:\Windows\Sun\Java\bin;C:\Windows\system32;C:\Windows;D:/과제/2021-2학기/실전프로젝트1/sts-4.11.1.RELEASE//plugins/org.eclipse.justj.openjdk.hotspot.jre.full.win32.x86_64_16.0.2.v20210721-1149/jre/bin/server;D:/과제/2021-2학기/실전프로젝트1/sts-4.11.1.RELEASE//plugins/org.eclipse.justj.openjdk.hotspot.jre.full.win32.x86_64_16.0.2.v20210721-1149/jre/bin;C:\Program Files (x86)\Common Files\Oracle\Java\javapath;C:\Windows\system32;C:\Windows;C:\Windows\System32\Wbem;C:\Windows\System32\WindowsPowerShell\v1.0\;C:\Windows\System32\OpenSSH\;C:\Program Files\NVIDIA Corporation\NVIDIA NvDLISR;C:\Program Files (x86)\NVIDIA Corporation\PhysX\Common;C:\opencv\build\x64\vc14;C:\opencv\build\x64\vc14\bin\opencv_ffmpeg341_64.dll;C:\Program Files\MATLAB\R2020b\bin;C:\opencv\build\x64\vc14\bin;C:\Program Files\Git\cmd;C:\Program Files\Git LFS;C:\Program Files\Java\jdk1.8.0_281\bin;D:\AndroidSDK\emulator;D:\AndroidSDK\platform-tools;D:\AndroidSDK\tools;D:\PuTTY\;D:\;D:\AndroidSDK\sources\android-30\jdk;C:\Program Files\Docker\Docker\resources\bin;C:\ProgramData\DockerDesktop\version-bin;C:\Program Files\Java\jdk1.8.0_281\bin;C:\Users\Dongjun\.gradle\wrapper\dists\gradle-5.6.2-all\9st6wgf78h16so49nn74lgtbb\gradle-5.6.2\bin;D:\과제\2021-2학기\실전프로젝트1\sqlite-tools-win32-x86-3360000\sqlite-tools-win32-x86-3360000;D:\Scripts\;D:\;D:\Python39\Scripts\;D:\Python39\;C:\Program Files\MySQL\MySQL Shell 8.0\bin\;C:\Users\Dongjun\AppData\Local\Microsoft\WindowsApps;C:\Users\Dongjun\AppData\Local\Programs\Microsoft VS Code\bin;C:\MinGW\bin;D:\flutter\bin;C:\Users\Dongjun\AppData\Roaming\npm;C:\Users\김동준\AppData\Local\Programs\Microsoft VS Code\bin;D:\heroku\bin;D:\과제\2021-2학기\실전프로젝트1\sts-4.11.1.RELEASE;;."/>
    <property name="jansi.passthrough" value="true"/>
    <property name="jdk.debug" value="release"/>
    <property name="java.class.version" value="60.0"/>
    <property name="java.specification.name" value="Java Platform API Specification"/>
    <property name="sun.management.compiler" value="HotSpot 64-Bit Tiered Compilers"/>
    <property name="os.version" value="10.0"/>
    <property name="user.home" value="C:\Users\Dongjun"/>
    <property name="user.timezone" value="Asia/Seoul"/>
    <property name="file.encoding" value="UTF-8"/>
    <property name="java.specification.version" value="16"/>
    <property name="user.name" value="Dongjun"/>
    <property name="java.class.path" value="D:\과제\2021-2학기\실전프로젝트1\sts-4.11.1.RELEASE\plugins\org.eclipse.m2e.maven.runtime_1.18.0.20210618-2246\jars\plexus-classworlds-2.6.0.jar"/>
    <property name="java.vm.specification.version" value="16"/>
    <property name="sun.arch.data.model" value="64"/>
    <property name="sun.java.command" value="org.codehaus.plexus.classworlds.launcher.Launcher -B install -Dstyle.color=always"/>
    <property name="java.home" value="D:\과제\2021-2학기\실전프로젝트1\sts-4.11.1.RELEASE\plugins\org.eclipse.justj.openjdk.hotspot.jre.full.win32.x86_64_16.0.2.v20210721-1149\jre"/>
    <property name="user.language" value="ko"/>
    <property name="java.specification.vendor" value="Oracle Corporation"/>
    <property name="java.vm.info" value="mixed mode"/>
    <property name="java.version" value="16.0.2"/>
    <property name="java.vendor" value="Oracle Corporation"/>
    <property name="maven.home" value="D:\workspace-spring-tool-suite-4-4.11.1.RELEASE\CarSharingManager\EMBEDDED"/>
    <property name="style.color" value="always"/>
    <property name="file.separator" value="\"/>
    <property name="java.version.date" value="2021-07-20"/>
    <property name="java.vendor.url.bug" value="https://bugreport.java.com/bugreport/"/>
    <property name="sun.io.unicode.encoding" value="UnicodeLittle"/>
    <property name="sun.cpu.endian" value="little"/>
    <property name="sun.cpu.isalist" value="amd64"/>
  </properties>
  <testcase classname="com.mycom.myapp.DataSourceTest" name="testConnection" time="1.651"/>
</testsuite>